   0 SimID_993410728_1_0000.sim SimID_993410728_1_00.zip 0
   1 SimID_993410728_1_0001.sim SimID_993410728_1_00.zip 10
   2 SimID_993410728_1_0002.sim SimID_993410728_1_00.zip 20
   3 SimID_993410728_1_0003.sim SimID_993410728_1_00.zip 30
   4 SimID_993410728_1_0004.sim SimID_993410728_1_00.zip 40
   5 SimID_993410728_1_0005.sim SimID_993410728_1_00.zip 50
   6 SimID_993410728_1_0006.sim SimID_993410728_1_00.zip 60
   7 SimID_993410728_1_0007.sim SimID_993410728_1_00.zip 70
   8 SimID_993410728_1_0008.sim SimID_993410728_1_00.zip 80
   9 SimID_993410728_1_0009.sim SimID_993410728_1_00.zip 90
  10 SimID_993410728_1_0010.sim SimID_993410728_1_00.zip 100
  11 SimID_993410728_1_0011.sim SimID_993410728_1_00.zip 110
  12 SimID_993410728_1_0012.sim SimID_993410728_1_00.zip 120
  13 SimID_993410728_1_0013.sim SimID_993410728_1_00.zip 130
  14 SimID_993410728_1_0014.sim SimID_993410728_1_00.zip 140
  15 SimID_993410728_1_0015.sim SimID_993410728_1_00.zip 150
  16 SimID_993410728_1_0016.sim SimID_993410728_1_00.zip 160
  17 SimID_993410728_1_0017.sim SimID_993410728_1_00.zip 170
  18 SimID_993410728_1_0018.sim SimID_993410728_1_00.zip 180
  19 SimID_993410728_1_0019.sim SimID_993410728_1_00.zip 190
  20 SimID_993410728_1_0020.sim SimID_993410728_1_00.zip 200
  21 SimID_993410728_1_0021.sim SimID_993410728_1_00.zip 210
  22 SimID_993410728_1_0022.sim SimID_993410728_1_00.zip 220
  23 SimID_993410728_1_0023.sim SimID_993410728_1_00.zip 230
  24 SimID_993410728_1_0024.sim SimID_993410728_1_00.zip 240
  25 SimID_993410728_1_0025.sim SimID_993410728_1_00.zip 250
  26 SimID_993410728_1_0026.sim SimID_993410728_1_00.zip 260
  27 SimID_993410728_1_0027.sim SimID_993410728_1_00.zip 270
  28 SimID_993410728_1_0028.sim SimID_993410728_1_00.zip 280
  29 SimID_993410728_1_0029.sim SimID_993410728_1_00.zip 290
  30 SimID_993410728_1_0030.sim SimID_993410728_1_00.zip 300
  31 SimID_993410728_1_0031.sim SimID_993410728_1_00.zip 310
  32 SimID_993410728_1_0032.sim SimID_993410728_1_00.zip 320
  33 SimID_993410728_1_0033.sim SimID_993410728_1_00.zip 330
  34 SimID_993410728_1_0034.sim SimID_993410728_1_00.zip 340
  35 SimID_993410728_1_0035.sim SimID_993410728_1_00.zip 350
  36 SimID_993410728_1_0036.sim SimID_993410728_1_00.zip 360
  37 SimID_993410728_1_0037.sim SimID_993410728_1_00.zip 370
  38 SimID_993410728_1_0038.sim SimID_993410728_1_00.zip 380
  39 SimID_993410728_1_0039.sim SimID_993410728_1_00.zip 390
  40 SimID_993410728_1_0040.sim SimID_993410728_1_00.zip 400
  41 SimID_993410728_1_0041.sim SimID_993410728_1_00.zip 410
  42 SimID_993410728_1_0042.sim SimID_993410728_1_00.zip 420
  43 SimID_993410728_1_0043.sim SimID_993410728_1_00.zip 430
  44 SimID_993410728_1_0044.sim SimID_993410728_1_00.zip 440
  45 SimID_993410728_1_0045.sim SimID_993410728_1_00.zip 450
  46 SimID_993410728_1_0046.sim SimID_993410728_1_00.zip 460
  47 SimID_993410728_1_0047.sim SimID_993410728_1_00.zip 470
  48 SimID_993410728_1_0048.sim SimID_993410728_1_00.zip 480
  49 SimID_993410728_1_0049.sim SimID_993410728_1_00.zip 490
  50 SimID_993410728_1_0050.sim SimID_993410728_1_00.zip 500
